mode: set
go-laptop-booking/serializer/json.go:8.60,17.2 3 1
go-laptop-booking/serializer/file.go:10.76,12.16 2 1
go-laptop-booking/serializer/file.go:15.2,16.16 2 1
go-laptop-booking/serializer/file.go:19.2,19.12 1 1
go-laptop-booking/serializer/file.go:12.16,14.3 1 0
go-laptop-booking/serializer/file.go:16.16,18.3 1 0
go-laptop-booking/serializer/file.go:22.78,24.16 2 1
go-laptop-booking/serializer/file.go:27.2,28.16 2 1
go-laptop-booking/serializer/file.go:31.2,31.12 1 1
go-laptop-booking/serializer/file.go:24.16,26.3 1 0
go-laptop-booking/serializer/file.go:28.16,30.3 1 0
go-laptop-booking/serializer/file.go:34.79,36.16 2 1
go-laptop-booking/serializer/file.go:39.2,40.16 2 1
go-laptop-booking/serializer/file.go:43.2,43.12 1 1
go-laptop-booking/serializer/file.go:36.16,38.3 1 0
go-laptop-booking/serializer/file.go:40.16,42.3 1 0
go-laptop-booking/service/auth_server.go:16.77,21.2 1 0
go-laptop-booking/service/auth_server.go:23.103,25.16 2 0
go-laptop-booking/service/auth_server.go:28.2,28.63 1 0
go-laptop-booking/service/auth_server.go:31.2,32.16 2 0
go-laptop-booking/service/auth_server.go:35.2,38.17 2 0
go-laptop-booking/service/auth_server.go:25.16,27.3 1 0
go-laptop-booking/service/auth_server.go:28.63,30.3 1 0
go-laptop-booking/service/auth_server.go:32.16,34.3 1 0
go-laptop-booking/service/laptop_server.go:26.109,32.2 1 1
go-laptop-booking/service/laptop_server.go:34.126,37.24 3 1
go-laptop-booking/service/laptop_server.go:51.2,51.42 1 1
go-laptop-booking/service/laptop_server.go:55.2,56.16 2 1
go-laptop-booking/service/laptop_server.go:63.2,67.17 3 1
go-laptop-booking/service/laptop_server.go:37.24,39.17 2 1
go-laptop-booking/service/laptop_server.go:39.17,41.4 1 1
go-laptop-booking/service/laptop_server.go:42.8,44.17 2 1
go-laptop-booking/service/laptop_server.go:47.3,47.26 1 1
go-laptop-booking/service/laptop_server.go:44.17,46.4 1 0
go-laptop-booking/service/laptop_server.go:51.42,53.3 1 0
go-laptop-booking/service/laptop_server.go:56.16,58.39 2 1
go-laptop-booking/service/laptop_server.go:61.3,61.78 1 1
go-laptop-booking/service/laptop_server.go:58.39,60.4 1 1
go-laptop-booking/service/laptop_server.go:70.121,76.33 3 1
go-laptop-booking/service/laptop_server.go:88.2,88.16 1 1
go-laptop-booking/service/laptop_server.go:91.2,91.12 1 1
go-laptop-booking/service/laptop_server.go:76.33,81.18 3 1
go-laptop-booking/service/laptop_server.go:84.4,85.14 2 1
go-laptop-booking/service/laptop_server.go:81.18,83.5 1 0
go-laptop-booking/service/laptop_server.go:88.16,90.3 1 0
go-laptop-booking/service/laptop_server.go:94.90,96.16 2 1
go-laptop-booking/service/laptop_server.go:99.2,103.16 5 1
go-laptop-booking/service/laptop_server.go:106.2,106.19 1 1
go-laptop-booking/service/laptop_server.go:109.2,111.6 3 1
go-laptop-booking/service/laptop_server.go:137.2,138.16 2 1
go-laptop-booking/service/laptop_server.go:141.2,146.16 3 1
go-laptop-booking/service/laptop_server.go:149.2,150.12 2 1
go-laptop-booking/service/laptop_server.go:96.16,98.3 1 0
go-laptop-booking/service/laptop_server.go:103.16,105.3 1 0
go-laptop-booking/service/laptop_server.go:106.19,108.3 1 0
go-laptop-booking/service/laptop_server.go:111.6,113.56 1 1
go-laptop-booking/service/laptop_server.go:116.3,118.29 3 1
go-laptop-booking/service/laptop_server.go:122.3,122.17 1 1
go-laptop-booking/service/laptop_server.go:125.3,129.31 5 1
go-laptop-booking/service/laptop_server.go:132.3,133.17 2 1
go-laptop-booking/service/laptop_server.go:113.56,115.4 1 0
go-laptop-booking/service/laptop_server.go:118.29,120.9 2 1
go-laptop-booking/service/laptop_server.go:122.17,124.4 1 0
go-laptop-booking/service/laptop_server.go:129.31,131.4 1 0
go-laptop-booking/service/laptop_server.go:133.17,135.4 1 0
go-laptop-booking/service/laptop_server.go:138.16,140.3 1 0
go-laptop-booking/service/laptop_server.go:146.16,148.3 1 0
go-laptop-booking/service/laptop_server.go:153.88,154.6 1 1
go-laptop-booking/service/laptop_server.go:191.2,191.12 1 1
go-laptop-booking/service/laptop_server.go:154.6,156.17 2 1
go-laptop-booking/service/laptop_server.go:159.3,160.29 2 1
go-laptop-booking/service/laptop_server.go:164.3,164.17 1 1
go-laptop-booking/service/laptop_server.go:167.3,171.17 5 1
go-laptop-booking/service/laptop_server.go:174.3,174.19 1 1
go-laptop-booking/service/laptop_server.go:177.3,178.17 2 1
go-laptop-booking/service/laptop_server.go:181.3,187.17 3 1
go-laptop-booking/service/laptop_server.go:156.17,158.4 1 0
go-laptop-booking/service/laptop_server.go:160.29,162.9 2 1
go-laptop-booking/service/laptop_server.go:164.17,166.4 1 0
go-laptop-booking/service/laptop_server.go:171.17,173.4 1 0
go-laptop-booking/service/laptop_server.go:174.19,176.4 1 0
go-laptop-booking/service/laptop_server.go:178.17,180.4 1 0
go-laptop-booking/service/laptop_server.go:187.17,189.4 1 0
go-laptop-booking/service/laptop_server.go:194.46,195.19 1 1
go-laptop-booking/service/laptop_server.go:196.24,197.71 1 0
go-laptop-booking/service/laptop_server.go:198.32,199.78 1 0
go-laptop-booking/service/laptop_server.go:200.10,201.13 1 1
go-laptop-booking/service/laptop_server.go:205.32,206.16 1 0
go-laptop-booking/service/laptop_server.go:209.2,209.12 1 0
go-laptop-booking/service/laptop_server.go:206.16,208.3 1 0
go-laptop-booking/service/auth_interceptor.go:18.102,23.2 1 0
go-laptop-booking/service/auth_interceptor.go:25.73,26.128 1 0
go-laptop-booking/service/auth_interceptor.go:26.128,29.17 3 0
go-laptop-booking/service/auth_interceptor.go:32.3,32.27 1 0
go-laptop-booking/service/auth_interceptor.go:29.17,31.4 1 0
go-laptop-booking/service/auth_interceptor.go:36.75,37.120 1 0
go-laptop-booking/service/auth_interceptor.go:37.120,40.17 3 0
go-laptop-booking/service/auth_interceptor.go:43.3,43.30 1 0
go-laptop-booking/service/auth_interceptor.go:40.17,42.4 1 0
go-laptop-booking/service/auth_interceptor.go:47.89,49.9 2 0
go-laptop-booking/service/auth_interceptor.go:53.2,54.9 2 0
go-laptop-booking/service/auth_interceptor.go:57.2,58.22 2 0
go-laptop-booking/service/auth_interceptor.go:61.2,63.16 3 0
go-laptop-booking/service/auth_interceptor.go:66.2,66.39 1 0
go-laptop-booking/service/auth_interceptor.go:71.2,71.82 1 0
go-laptop-booking/service/auth_interceptor.go:49.9,52.3 1 0
go-laptop-booking/service/auth_interceptor.go:54.9,56.3 1 0
go-laptop-booking/service/auth_interceptor.go:58.22,60.3 1 0
go-laptop-booking/service/auth_interceptor.go:63.16,65.3 1 0
go-laptop-booking/service/auth_interceptor.go:66.39,67.26 1 0
go-laptop-booking/service/auth_interceptor.go:67.26,69.4 1 0
go-laptop-booking/service/image_store.go:28.60,33.2 1 1
go-laptop-booking/service/image_store.go:35.110,37.16 2 1
go-laptop-booking/service/image_store.go:40.2,42.16 3 1
go-laptop-booking/service/image_store.go:45.2,47.16 3 1
go-laptop-booking/service/image_store.go:50.2,57.30 4 1
go-laptop-booking/service/image_store.go:37.16,39.3 1 0
go-laptop-booking/service/image_store.go:42.16,44.3 1 0
go-laptop-booking/service/image_store.go:47.16,49.3 1 0
go-laptop-booking/service/jwt_manager.go:15.79,20.2 1 0
go-laptop-booking/service/jwt_manager.go:28.65,38.2 3 0
go-laptop-booking/service/jwt_manager.go:40.76,44.43 1 0
go-laptop-booking/service/jwt_manager.go:52.2,52.16 1 0
go-laptop-booking/service/jwt_manager.go:55.2,56.9 2 0
go-laptop-booking/service/jwt_manager.go:59.2,59.20 1 0
go-laptop-booking/service/jwt_manager.go:44.43,46.11 2 0
go-laptop-booking/service/jwt_manager.go:49.4,49.41 1 0
go-laptop-booking/service/jwt_manager.go:46.11,48.5 1 0
go-laptop-booking/service/jwt_manager.go:52.16,54.3 1 0
go-laptop-booking/service/jwt_manager.go:56.9,58.3 1 0
go-laptop-booking/service/laptop_store.go:31.52,35.2 1 1
go-laptop-booking/service/laptop_store.go:37.65,40.34 3 1
go-laptop-booking/service/laptop_store.go:43.2,44.16 2 1
go-laptop-booking/service/laptop_store.go:47.2,48.12 2 1
go-laptop-booking/service/laptop_store.go:40.34,42.3 1 1
go-laptop-booking/service/laptop_store.go:44.16,46.3 1 0
go-laptop-booking/service/laptop_store.go:51.71,55.19 4 1
go-laptop-booking/service/laptop_store.go:58.2,58.25 1 1
go-laptop-booking/service/laptop_store.go:55.19,57.3 1 0
go-laptop-booking/service/laptop_store.go:61.125,64.36 3 1
go-laptop-booking/service/laptop_store.go:82.2,82.12 1 1
go-laptop-booking/service/laptop_store.go:64.36,67.77 1 1
go-laptop-booking/service/laptop_store.go:71.3,71.34 1 1
go-laptop-booking/service/laptop_store.go:67.77,70.4 2 0
go-laptop-booking/service/laptop_store.go:71.34,73.18 2 1
go-laptop-booking/service/laptop_store.go:76.4,77.18 2 1
go-laptop-booking/service/laptop_store.go:73.18,75.5 1 0
go-laptop-booking/service/laptop_store.go:77.18,79.5 1 0
go-laptop-booking/service/laptop_store.go:85.61,86.52 1 1
go-laptop-booking/service/laptop_store.go:89.2,89.64 1 1
go-laptop-booking/service/laptop_store.go:92.2,92.57 1 1
go-laptop-booking/service/laptop_store.go:95.2,95.56 1 1
go-laptop-booking/service/laptop_store.go:98.2,98.13 1 1
go-laptop-booking/service/laptop_store.go:86.52,88.3 1 1
go-laptop-booking/service/laptop_store.go:89.64,91.3 1 0
go-laptop-booking/service/laptop_store.go:92.57,94.3 1 0
go-laptop-booking/service/laptop_store.go:95.56,97.3 1 0
go-laptop-booking/service/laptop_store.go:101.38,103.26 2 1
go-laptop-booking/service/laptop_store.go:104.21,105.15 1 0
go-laptop-booking/service/laptop_store.go:106.22,107.20 1 0
go-laptop-booking/service/laptop_store.go:108.26,109.21 1 0
go-laptop-booking/service/laptop_store.go:110.26,111.21 1 0
go-laptop-booking/service/laptop_store.go:112.26,113.21 1 1
go-laptop-booking/service/laptop_store.go:114.26,115.21 1 0
go-laptop-booking/service/laptop_store.go:116.10,117.11 1 0
go-laptop-booking/service/laptop_store.go:121.54,124.16 3 1
go-laptop-booking/service/laptop_store.go:127.2,127.19 1 1
go-laptop-booking/service/laptop_store.go:124.16,126.3 1 0
go-laptop-booking/service/rating_store.go:21.52,25.2 1 1
go-laptop-booking/service/rating_store.go:27.88,31.19 4 1
go-laptop-booking/service/rating_store.go:40.2,41.20 2 1
go-laptop-booking/service/rating_store.go:31.19,36.3 1 1
go-laptop-booking/service/rating_store.go:36.8,39.3 2 1
go-laptop-booking/service/user.go:15.76,17.16 2 0
go-laptop-booking/service/user.go:20.2,25.18 2 0
go-laptop-booking/service/user.go:17.16,19.3 1 0
go-laptop-booking/service/user.go:28.59,31.2 2 0
go-laptop-booking/service/user.go:33.33,39.2 1 0
go-laptop-booking/service/user_store.go:15.48,19.2 1 0
go-laptop-booking/service/user_store.go:21.56,24.39 3 0
go-laptop-booking/service/user_store.go:27.2,28.12 2 0
go-laptop-booking/service/user_store.go:24.39,26.3 1 0
go-laptop-booking/service/user_store.go:31.70,35.17 4 0
go-laptop-booking/service/user_store.go:38.2,38.26 1 0
go-laptop-booking/service/user_store.go:35.17,37.3 1 0
